Reusing configuration cache.
> Task :app:checkKotlinGradlePluginConfigurationErrors SKIPPED
> Task :app:preBuild UP-TO-DATE
> Task :app:preDebugUnitTestBuild UP-TO-DATE
> Task :app:preDebugBuild UP-TO-DATE
> Task :app:generateDebugResValues UP-TO-DATE
> Task :app:createDebugCompatibleScreenManifests UP-TO-DATE
> Task :app:generateDebugBuildConfig UP-TO-DATE
> Task :app:javaPreCompileDebugUnitTest UP-TO-DATE
> Task :app:javaPreCompileDebug UP-TO-DATE
> Task :app:extractDeepLinksDebug UP-TO-DATE
> Task :app:generateDebugResources UP-TO-DATE
> Task :app:packageDebugResources UP-TO-DATE
> Task :app:parseDebugLocalResources UP-TO-DATE
> Task :app:checkDebugAarMetadata UP-TO-DATE
> Task :app:mapDebugSourceSetPaths UP-TO-DATE
> Task :app:mergeDebugResources UP-TO-DATE
> Task :app:processDebugMainManifest UP-TO-DATE
> Task :app:processDebugManifest UP-TO-DATE
> Task :app:processDebugManifestForPackage UP-TO-DATE
> Task :app:processDebugResources UP-TO-DATE
> Task :app:kspDebugKotlin UP-TO-DATE
> Task :app:compileDebugKotlin UP-TO-DATE
> Task :app:compileDebugJavaWithJavac UP-TO-DATE
> Task :app:hiltAggregateDepsDebug UP-TO-DATE
> Task :app:hiltJavaCompileDebug UP-TO-DATE
> Task :app:bundleDebugClassesToCompileJar UP-TO-DATE
> Task :app:processDebugJavaRes UP-TO-DATE
> Task :app:transformDebugClassesWithAsm UP-TO-DATE
> Task :app:bundleDebugClassesToRuntimeJar UP-TO-DATE
> Task :app:kspDebugUnitTestKotlin UP-TO-DATE

> Task :app:compileDebugUnitTestKotlin FAILED
e: file:///C:/Users/Zebolinha/Documents/CebolaoLotofacil_Material/app/src/test/java/com/cebolao/lotofacil/viewmodels/MainViewModelTest.kt:4:46 Unresolved reference 'THEME_MODE_SYSTEM'.
e: file:///C:/Users/Zebolinha/Documents/CebolaoLotofacil_Material/app/src/test/java/com/cebolao/lotofacil/viewmodels/MainViewModelTest.kt:5:46 Unresolved reference 'UserSettingsRepository'.
e: file:///C:/Users/Zebolinha/Documents/CebolaoLotofacil_Material/app/src/test/java/com/cebolao/lotofacil/viewmodels/MainViewModelTest.kt:27:41 Unresolved reference 'UserSettingsRepository'.
e: file:///C:/Users/Zebolinha/Documents/CebolaoLotofacil_Material/app/src/test/java/com/cebolao/lotofacil/viewmodels/MainViewModelTest.kt:35:42 Unresolved reference 'themeMode'.
e: file:///C:/Users/Zebolinha/Documents/CebolaoLotofacil_Material/app/src/test/java/com/cebolao/lotofacil/viewmodels/MainViewModelTest.kt:35:62 Not enough information to infer type argument for 'T'.
e: file:///C:/Users/Zebolinha/Documents/CebolaoLotofacil_Material/app/src/test/java/com/cebolao/lotofacil/viewmodels/MainViewModelTest.kt:35:79 Unresolved reference 'THEME_MODE_SYSTEM'.
e: file:///C:/Users/Zebolinha/Documents/CebolaoLotofacil_Material/app/src/test/java/com/cebolao/lotofacil/viewmodels/MainViewModelTest.kt:36:42 Unresolved reference 'accentPalette'.
e: file:///C:/Users/Zebolinha/Documents/CebolaoLotofacil_Material/app/src/test/java/com/cebolao/lotofacil/viewmodels/MainViewModelTest.kt:38:35 No value passed for parameter 'updateAppConfigUseCase'.
e: file:///C:/Users/Zebolinha/Documents/CebolaoLotofacil_Material/app/src/test/java/com/cebolao/lotofacil/viewmodels/MainViewModelTest.kt:55:19 Unresolved reference 'updateThemeMode'.
e: file:///C:/Users/Zebolinha/Documents/CebolaoLotofacil_Material/app/src/test/java/com/cebolao/lotofacil/viewmodels/MainViewModelTest.kt:59:43 Unresolved reference 'setThemeMode'.
e: file:///C:/Users/Zebolinha/Documents/CebolaoLotofacil_Material/app/src/test/java/com/cebolao/lotofacil/viewmodels/MainViewModelTest.kt:65:19 Unresolved reference 'updateAccentPalette'.
e: file:///C:/Users/Zebolinha/Documents/CebolaoLotofacil_Material/app/src/test/java/com/cebolao/lotofacil/viewmodels/MainViewModelTest.kt:69:43 Unresolved reference 'setAccentPalette'.

FAILURE: Build failed with an exception.

* What went wrong:
Execution failed for task ':app:compileDebugUnitTestKotlin'.
> A failure occurred while executing org.jetbrains.kotlin.compilerRunner.GradleCompilerRunnerWithWorkers$GradleKotlinCompilerWorkAction
   > Compilation error. See log for more details

* Try:
> Run with --stacktrace option to get the stack trace.
> Run with --info or --debug option to get more log output.
> Run with --scan to get full insights.
> Get more help at https://help.gradle.org.

BUILD FAILED in 1s
27 actionable tasks: 1 executed, 26 up-to-date
Configuration cache entry reused.
